2025-06-19 17:49:03,129 - __main__ - ERROR - Nie znaleziono modułu schedule. Zainstaluj go używając: pip install schedule
2025-06-19 17:49:22,870 - __main__ - ERROR - Błąd podczas uruchamiania harmonogramu: invalid literal for int() with base 10: '*/15'
2025-06-19 17:49:48,945 - __main__ - ERROR - Błąd podczas uruchamiania harmonogramu: invalid literal for int() with base 10: '*/15'
2025-06-19 17:50:39,091 - __main__ - INFO - Uruchamianie harmonogramu co 15 minut
2025-06-19 17:50:39,091 - src.utils.scheduler - INFO - Uruchamianie zadania po raz pierwszy...
2025-06-19 17:50:39,091 - __main__ - INFO - Rozpoczynam sprawdzanie nowych ocen...
2025-06-19 17:50:40,091 - src.scraper.edziekanat_scraper - INFO - Pobrano 20 ocen z eDziekanatu
2025-06-19 17:50:40,091 - __main__ - INFO - Pobrano 20 ocen z eDziekanatu
2025-06-19 17:50:40,093 - __main__ - INFO - Brak nowych ocen
2025-06-19 17:50:40,093 - src.utils.scheduler - INFO - Harmonogram ustawiony co 15 minut
2025-06-19 17:51:07,031 - __main__ - INFO - Uruchamianie harmonogramu co 15 minut
2025-06-19 17:51:07,031 - src.utils.scheduler - INFO - Uruchamianie zadania po raz pierwszy...
2025-06-19 17:51:07,031 - __main__ - INFO - Rozpoczynam sprawdzanie nowych ocen...
2025-06-19 17:51:08,046 - src.scraper.edziekanat_scraper - INFO - Pobrano 20 ocen z eDziekanatu
2025-06-19 17:51:08,046 - __main__ - INFO - Pobrano 20 ocen z eDziekanatu
2025-06-19 17:51:08,048 - __main__ - INFO - Brak nowych ocen
2025-06-19 17:51:08,048 - src.utils.scheduler - INFO - Harmonogram ustawiony co 15 minut
2025-06-19 17:55:01,943 - __main__ - INFO - Rozpoczynam sprawdzanie nowych ocen...
2025-06-19 17:55:03,420 - src.scraper.edziekanat_scraper - INFO - Pobrano 20 ocen z eDziekanatu
2025-06-19 17:55:03,420 - __main__ - INFO - Pobrano 20 ocen z eDziekanatu
2025-06-19 17:55:03,423 - src.database.db_manager - INFO - Dodano 1 nowych ocen
2025-06-19 17:55:03,424 - __main__ - INFO - Wykryto 1 nowych ocen, wysyłam powiadomienie...
2025-06-19 17:55:03,424 - discord.client - WARNING - PyNaCl is not installed, voice will NOT be supported
2025-06-19 17:55:03,424 - discord.client - INFO - logging in using static token
2025-06-19 17:55:04,793 - discord.gateway - INFO - Shard ID None has connected to Gateway (Session ID: 97fb568802ddd219309ad71b513826f5).
2025-06-19 17:55:07,835 - src.notifications.discord_notifier - INFO - Wysłano powiadomienie do użytkownika michalspoko18
2025-06-19 17:55:07,839 - __main__ - INFO - Powiadomienie wysłane pomyślnie
2025-06-19 17:55:07,853 - asyncio - ERROR - Unclosed connector
connections: ['deque([(<aiohttp.client_proto.ResponseHandler object at 0x105725580>, 6.044562958)])']
connector: <aiohttp.connector.TCPConnector object at 0x104730280>
2025-06-19 17:55:07,854 - asyncio - ERROR - Fatal error on SSL transport
protocol: <asyncio.sslproto.SSLProtocol object at 0x105245df0>
transport: <_SelectorSocketTransport closing fd=10>
Traceback (most recent call last):
  File "/Users/michalwalczak/.pyenv/versions/3.9.19/lib/python3.9/asyncio/selector_events.py", line 916, in write
    n = self._sock.send(data)
OSError: [Errno 9] Bad file descriptor

During handling of the above exception, another exception occurred:

Traceback (most recent call last):
  File "/Users/michalwalczak/.pyenv/versions/3.9.19/lib/python3.9/asyncio/sslproto.py", line 690, in _process_write_backlog
    self._transport.write(chunk)
  File "/Users/michalwalczak/.pyenv/versions/3.9.19/lib/python3.9/asyncio/selector_events.py", line 922, in write
    self._fatal_error(exc, 'Fatal write error on socket transport')
  File "/Users/michalwalczak/.pyenv/versions/3.9.19/lib/python3.9/asyncio/selector_events.py", line 717, in _fatal_error
    self._force_close(exc)
  File "/Users/michalwalczak/.pyenv/versions/3.9.19/lib/python3.9/asyncio/selector_events.py", line 729, in _force_close
    self._loop.call_soon(self._call_connection_lost, exc)
  File "/Users/michalwalczak/.pyenv/versions/3.9.19/lib/python3.9/asyncio/base_events.py", line 751, in call_soon
    self._check_closed()
  File "/Users/michalwalczak/.pyenv/versions/3.9.19/lib/python3.9/asyncio/base_events.py", line 515, in _check_closed
    raise RuntimeError('Event loop is closed')
RuntimeError: Event loop is closed
2025-06-19 18:06:08,419 - __main__ - INFO - Rozpoczynam sprawdzanie nowych ocen...
2025-06-19 18:06:10,222 - src.scraper.edziekanat_scraper - INFO - Pobrano 20 ocen z eDziekanatu
2025-06-19 18:06:10,223 - __main__ - INFO - Pobrano 20 ocen z eDziekanatu
2025-06-19 18:06:10,223 - __main__ - INFO - Brak nowych ocen
2025-06-19 18:27:07,546 - __main__ - INFO - Uruchamianie harmonogramu co 15 minut
2025-06-19 18:27:07,546 - src.utils.scheduler - INFO - Uruchamianie zadania po raz pierwszy...
2025-06-19 18:27:07,547 - __main__ - INFO - Rozpoczynam sprawdzanie nowych ocen...
2025-06-19 18:27:09,259 - src.scraper.edziekanat_scraper - INFO - Pobrano 20 ocen z eDziekanatu
2025-06-19 18:27:09,260 - __main__ - INFO - Pobrano 20 ocen z eDziekanatu
2025-06-19 18:27:09,261 - __main__ - INFO - Brak nowych ocen
2025-06-19 18:27:09,261 - src.utils.scheduler - INFO - Harmonogram ustawiony co 15 minut
2025-06-19 18:44:16,714 - __main__ - INFO - Rozpoczynam sprawdzanie nowych ocen...
2025-06-19 18:44:19,224 - src.scraper.edziekanat_scraper - INFO - Pobrano 20 ocen z eDziekanatu
2025-06-19 18:44:19,224 - __main__ - INFO - Pobrano 20 ocen z eDziekanatu
2025-06-19 18:44:19,225 - __main__ - INFO - Brak nowych ocen
2025-06-19 19:00:44,614 - __main__ - INFO - Rozpoczynam sprawdzanie nowych ocen...
2025-06-19 19:00:46,063 - src.scraper.edziekanat_scraper - INFO - Pobrano 20 ocen z eDziekanatu
2025-06-19 19:00:46,064 - __main__ - INFO - Pobrano 20 ocen z eDziekanatu
2025-06-19 19:00:46,064 - __main__ - INFO - Brak nowych ocen
2025-06-19 19:16:55,313 - __main__ - INFO - Rozpoczynam sprawdzanie nowych ocen...
2025-06-19 19:16:57,811 - src.scraper.edziekanat_scraper - INFO - Pobrano 20 ocen z eDziekanatu
2025-06-19 19:16:57,811 - __main__ - INFO - Pobrano 20 ocen z eDziekanatu
2025-06-19 19:16:57,812 - __main__ - INFO - Brak nowych ocen
2025-06-19 19:33:07,643 - __main__ - INFO - Rozpoczynam sprawdzanie nowych ocen...
2025-06-19 19:33:10,639 - src.scraper.edziekanat_scraper - INFO - Pobrano 20 ocen z eDziekanatu
2025-06-19 19:33:10,640 - __main__ - INFO - Pobrano 20 ocen z eDziekanatu
2025-06-19 19:33:10,640 - __main__ - INFO - Brak nowych ocen
2025-06-19 19:49:24,911 - __main__ - INFO - Rozpoczynam sprawdzanie nowych ocen...
2025-06-19 19:49:28,703 - src.scraper.edziekanat_scraper - INFO - Pobrano 20 ocen z eDziekanatu
2025-06-19 19:49:28,704 - __main__ - INFO - Pobrano 20 ocen z eDziekanatu
2025-06-19 19:49:28,705 - __main__ - INFO - Brak nowych ocen
2025-06-19 20:05:37,301 - __main__ - INFO - Rozpoczynam sprawdzanie nowych ocen...
2025-06-19 20:05:38,426 - src.scraper.edziekanat_scraper - INFO - Pobrano 20 ocen z eDziekanatu
2025-06-19 20:05:38,426 - __main__ - INFO - Pobrano 20 ocen z eDziekanatu
2025-06-19 20:05:38,426 - __main__ - INFO - Brak nowych ocen
2025-06-19 20:28:46,340 - __main__ - INFO - Rozpoczynam sprawdzanie nowych ocen...
2025-06-19 20:28:48,238 - src.scraper.edziekanat_scraper - INFO - Pobrano 20 ocen z eDziekanatu
2025-06-19 20:28:48,239 - __main__ - INFO - Pobrano 20 ocen z eDziekanatu
2025-06-19 20:28:48,240 - __main__ - INFO - Brak nowych ocen
2025-06-19 20:43:49,218 - __main__ - INFO - Rozpoczynam sprawdzanie nowych ocen...
2025-06-19 20:43:50,289 - src.scraper.edziekanat_scraper - INFO - Pobrano 20 ocen z eDziekanatu
2025-06-19 20:43:50,290 - __main__ - INFO - Pobrano 20 ocen z eDziekanatu
2025-06-19 20:43:50,290 - __main__ - INFO - Brak nowych ocen
2025-06-19 20:59:33,921 - __main__ - INFO - Rozpoczynam sprawdzanie nowych ocen...
2025-06-19 20:59:36,089 - src.scraper.edziekanat_scraper - INFO - Pobrano 20 ocen z eDziekanatu
2025-06-19 20:59:36,089 - __main__ - INFO - Pobrano 20 ocen z eDziekanatu
2025-06-19 20:59:36,090 - __main__ - INFO - Brak nowych ocen
2025-06-19 21:15:49,309 - __main__ - INFO - Rozpoczynam sprawdzanie nowych ocen...
2025-06-19 21:15:52,001 - src.scraper.edziekanat_scraper - INFO - Pobrano 20 ocen z eDziekanatu
2025-06-19 21:15:52,001 - __main__ - INFO - Pobrano 20 ocen z eDziekanatu
2025-06-19 21:15:52,002 - __main__ - INFO - Brak nowych ocen
2025-06-19 21:32:07,256 - __main__ - INFO - Rozpoczynam sprawdzanie nowych ocen...
2025-06-19 21:32:08,152 - src.scraper.edziekanat_scraper - INFO - Pobrano 20 ocen z eDziekanatu
2025-06-19 21:32:08,153 - __main__ - INFO - Pobrano 20 ocen z eDziekanatu
2025-06-19 21:32:08,154 - __main__ - INFO - Brak nowych ocen
2025-06-19 21:47:08,342 - __main__ - INFO - Rozpoczynam sprawdzanie nowych ocen...
2025-06-19 21:47:10,295 - src.scraper.edziekanat_scraper - INFO - Pobrano 20 ocen z eDziekanatu
2025-06-19 21:47:10,296 - __main__ - INFO - Pobrano 20 ocen z eDziekanatu
2025-06-19 21:47:10,296 - __main__ - INFO - Brak nowych ocen
2025-06-19 22:02:10,706 - __main__ - INFO - Rozpoczynam sprawdzanie nowych ocen...
2025-06-19 22:02:12,254 - src.scraper.edziekanat_scraper - INFO - Pobrano 20 ocen z eDziekanatu
2025-06-19 22:02:12,255 - __main__ - INFO - Pobrano 20 ocen z eDziekanatu
2025-06-19 22:02:12,255 - __main__ - INFO - Brak nowych ocen
2025-06-19 22:17:12,647 - __main__ - INFO - Rozpoczynam sprawdzanie nowych ocen...
2025-06-19 22:17:16,712 - src.scraper.edziekanat_scraper - INFO - Pobrano 20 ocen z eDziekanatu
2025-06-19 22:17:16,712 - __main__ - INFO - Pobrano 20 ocen z eDziekanatu
2025-06-19 22:17:16,717 - src.database.db_manager - INFO - Dodano 2 nowych ocen
2025-06-19 22:17:16,717 - __main__ - INFO - Wykryto 2 nowych ocen, wysyłam powiadomienie...
2025-06-19 22:17:16,717 - discord.client - WARNING - PyNaCl is not installed, voice will NOT be supported
2025-06-19 22:17:16,718 - discord.client - INFO - logging in using static token
2025-06-19 22:17:18,412 - discord.gateway - INFO - Shard ID None has connected to Gateway (Session ID: 572136bfc0a620009e1f7568246d45cd).
2025-06-19 22:17:21,394 - src.notifications.discord_notifier - INFO - Wysłano powiadomienie do użytkownika michalspoko18
2025-06-19 22:17:21,396 - __main__ - INFO - Powiadomienie wysłane pomyślnie
2025-06-19 22:32:21,881 - __main__ - INFO - Rozpoczynam sprawdzanie nowych ocen...
2025-06-19 22:32:23,374 - src.scraper.edziekanat_scraper - INFO - Pobrano 20 ocen z eDziekanatu
2025-06-19 22:32:23,374 - __main__ - INFO - Pobrano 20 ocen z eDziekanatu
2025-06-19 22:32:23,375 - __main__ - INFO - Brak nowych ocen
